[debug] [2017-12-01T15:23:31.194Z] ----------------------------------------------------------------------
[debug] [2017-12-01T15:23:31.197Z] Command:       /usr/local/bin/node /usr/local/bin/firebase serve
[debug] [2017-12-01T15:23:31.198Z] CLI Version:   3.15.4
[debug] [2017-12-01T15:23:31.198Z] Platform:      darwin
[debug] [2017-12-01T15:23:31.198Z] Node Version:  v6.10.0
[debug] [2017-12-01T15:23:31.198Z] Time:          Fri Dec 01 2017 18:23:31 GMT+0300 (MSK)
[debug] [2017-12-01T15:23:31.198Z] ----------------------------------------------------------------------
[debug] 
[debug] [2017-12-01T15:23:31.218Z] > command requires scopes: ["email","openid","https://www.googleapis.com/auth/cloudplatformprojects.readonly","https://www.googleapis.com/auth/firebase","https://www.googleapis.com/auth/cloud-platform"]
[debug] [2017-12-01T15:23:31.218Z] > authorizing via signed-in user
[debug] [2017-12-01T15:23:31.222Z] >>> HTTP REQUEST GET https://admin.firebase.com/v1/projects/mychat-8a024  
 Fri Dec 01 2017 18:23:31 GMT+0300 (MSK)
[debug] [2017-12-01T15:23:32.029Z] <<< HTTP RESPONSE 200
[debug] [2017-12-01T15:23:32.030Z] >>> HTTP REQUEST GET https://admin.firebase.com/v1/database/mychat-8a024/tokens  
 Fri Dec 01 2017 18:23:32 GMT+0300 (MSK)
[debug] [2017-12-01T15:23:32.709Z] <<< HTTP RESPONSE 200
[info] 
[info] === Serving from '/Users/Alima/Documents/JS/MyChat'...
[info] 
[debug] [2017-12-01T15:23:32.716Z] >>> HTTP REQUEST GET https://cloudresourcemanager.googleapis.com/v1/projects/mychat-8a024  
 Fri Dec 01 2017 18:23:32 GMT+0300 (MSK)
[debug] [2017-12-01T15:23:33.785Z] <<< HTTP RESPONSE 200
[debug] [2017-12-01T15:23:33.785Z] >>> HTTP REQUEST GET https://mobilesdk-pa.googleapis.com/v1/projects/398036559646/clients/_:getWebAppConfig  
 Fri Dec 01 2017 18:23:33 GMT+0300 (MSK)
[debug] [2017-12-01T15:23:34.497Z] <<< HTTP RESPONSE 200
[info] i  hosting: Serving hosting files from: ./
[info] ✔  hosting: Local server: http://localhost:5000

